<?xml version="1.0" encoding="UTF-8"?>
<!-- Generated by org.testng.reporters.JUnitReportReporter -->
<testsuite skipped="0" hostname="LAPTOP-L15414KC" name="Automation.Test3" tests="1" failures="0" timestamp="2021-03-18T21:31:26 CDT" time="7.762" errors="0">
  <testcase name="BeginTest" time="7.762" classname="Automation.Test3"/>
  <system-out/>
</testsuite> <!-- Automation.Test3 -->
