<?xml version="1.0" encoding="UTF-8"?>
<!-- Generated by org.testng.reporters.JUnitReportReporter -->
<testsuite skipped="0" hostname="LAPTOP-L15414KC" name="Automation.Test1" tests="1" failures="0" timestamp="2021-03-23T17:23:10 CDT" time="7.929" errors="0">
  <testcase name="Test" time="7.929" classname="Automation.Test1"/>
  <system-out/>
</testsuite> <!-- Automation.Test1 -->
