<?xml version="1.0" encoding="UTF-8"?>
<!-- Generated by org.testng.reporters.JUnitReportReporter -->
<testsuite skipped="0" hostname="LAPTOP-L15414KC" name="Automation.Test1" tests="1" failures="0" timestamp="2021-03-23T17:05:09 CDT" time="7.237" errors="0">
  <testcase name="Test" time="7.237" classname="Automation.Test1"/>
  <system-out/>
</testsuite> <!-- Automation.Test1 -->
