<?xml version="1.0" encoding="UTF-8"?>
<!-- Generated by org.testng.reporters.JUnitReportReporter -->
<testsuite skipped="0" hostname="LAPTOP-L15414KC" name="Automation.Test3" tests="1" failures="0" timestamp="2021-03-16T14:49:16 CDT" time="6.964" errors="0">
  <testcase name="BeginTest" time="6.964" classname="Automation.Test3"/>
  <system-out/>
</testsuite> <!-- Automation.Test3 -->
