<?xml version="1.0" encoding="UTF-8"?>
<!-- Generated by org.testng.reporters.JUnitReportReporter -->
<testsuite skipped="1" hostname="LAPTOP-L15414KC" name="Automation.Test3" tests="2" failures="0" timestamp="2021-03-18T14:56:08 CDT" time="161.452" errors="1">
  <testcase name="BeginTest" time="0.000" classname="Automation.Test3">
    <skipped/>
  </testcase> <!-- BeginTest -->
  <system-out/>
  <testcase name="SetUpTest" time="161.452" classname="Automation.Test3">
    <error type="org.openqa.selenium.SessionNotCreatedException" message="session not created
from disconnected: Unable to receive message from renderer
  (Session info: chrome=89.0.4389.90)
Build info: version: &#039;3.11.0&#039;, revision: &#039;e59cfb3&#039;, time: &#039;2018-03-11T20:26:55.152Z&#039;
System info: host: &#039;LAPTOP-L15414KC&#039;, ip: &#039;192.168.1.67&#039;, os.name: &#039;Windows 10&#039;, os.arch: &#039;amd64&#039;, os.version: &#039;10.0&#039;, java.version: &#039;1.8.0_261&#039;
Driver info: driver.version: ChromeDriver
remote stacktrace: Backtrace:
	GetHandleVerifier [0x00D0B963+483]
	GetHandleVerifier [0x00D0B941+449]
	GetHandleVerifier [0x010B3308+3832712]
	GetHandleVerifier [0x010A77E4+3784804]
	GetHandleVerifier [0x010A6A47+3781319]
	GetHandleVerifier [0x010A6E36+3782326]
	GetHandleVerifier [0x010A6765+3780581]
	GetHandleVerifier [0x010AFB21+3818401]
	GetHandleVerifier [0x010A6721+3780513]
	GetHandleVerifier [0x010A74B2+3783986]
	GetHandleVerifier [0x010A6A47+3781319]
	GetHandleVerifier [0x010A6E36+3782326]
	GetHandleVerifier [0x010A6765+3780581]
	GetHandleVerifier [0x010ADF9C+3811356]
	GetHandleVerifier [0x010A6721+3780513]
	GetHandleVerifier [0x010A74B2+3783986]
	GetHandleVerifier [0x010A6A47+3781319]
	GetHandleVerifier [0x010A6E36+3782326]
	GetHandleVerifier [0x010A6765+3780581]
	GetHandleVerifier [0x010AC392+3804178]
	GetHandleVerifier [0x010A6721+3780513]
	GetHandleVerifier [0x010A74B2+3783986]
	GetHandleVerifier [0x010A6A47+3781319]
	GetHandleVerifier [0x010A6E36+3782326]
	GetHandleVerifier [0x010A6765+3780581]
	GetHandleVerifier [0x010AB655+3800789]
	GetHandleVerifier [0x010A6721+3780513]
	GetHandleVerifier [0x010A74B2+3783986]
	GetHandleVerifier [0x010A6A47+3781319]
	GetHandleVerifier [0x010A6E36+3782326]
	GetHandleVerifier [0x010A6765+3780581]
	GetHandleVerifier [0x010A2F46+3766214]
	GetHandleVerifier [0x010A6721+3780513]
	GetHandleVerifier [0x010A6543+3780035]
	GetHandleVerifier [0x010A6337+3779511]
	GetHandleVerifier [0x010B4540+3837376]
	GetHandleVerifier [0x010EF4BC+4078908]
	GetHandleVerifier [0x010EE56C+4074988]
	GetHandleVerifier [0x010EB2EB+4062059]
	GetHandleVerifier [0x010CED14+3945876]
	GetHandleVerifier [0x010CFBCE+3949646]
	GetHandleVerifier [0x010CFB59+3949529]
	Ordinal0 [0x00CCB5CC+46540]
	Ordinal0 [0x00CC9F53+40787]
	Ordinal0 [0x00CC9B12+39698]
	GetHandleVerifier [0x00FD1468+2907368]
	GetHandleVerifier [0x00E171EE+1096302]
	GetHandleVerifier [0x00DD3E8D+821005]
	GetHandleVerifier [0x00DD396B+819691]
	GetHandleVerifier [0x00DD3881+819457]
	GetHandleVerifier [0x00DFF463+998627]
	BaseThreadInitThunk [0x7528FA29+25]
	RtlGetAppContainerNamedObjectPath [0x772C7C7E+286]
	RtlGetAppContainerNamedObjectPath [0x772C7C4E+238]
">
      <![CDATA[org.openqa.selenium.SessionNotCreatedException: session not created
from disconnected: Unable to receive message from renderer
  (Session info: chrome=89.0.4389.90)
Build info: version: '3.11.0', revision: 'e59cfb3', time: '2018-03-11T20:26:55.152Z'
System info: host: 'LAPTOP-L15414KC', ip: '192.168.1.67', os.name: 'Windows 10', os.arch: 'amd64', os.version: '10.0', java.version: '1.8.0_261'
Driver info: driver.version: ChromeDriver
remote stacktrace: Backtrace:
GetHandleVerifier [0x00D0B963+483]
GetHandleVerifier [0x00D0B941+449]
GetHandleVerifier [0x010B3308+3832712]
GetHandleVerifier [0x010A77E4+3784804]
GetHandleVerifier [0x010A6A47+3781319]
GetHandleVerifier [0x010A6E36+3782326]
GetHandleVerifier [0x010A6765+3780581]
GetHandleVerifier [0x010AFB21+3818401]
GetHandleVerifier [0x010A6721+3780513]
GetHandleVerifier [0x010A74B2+3783986]
GetHandleVerifier [0x010A6A47+3781319]
GetHandleVerifier [0x010A6E36+3782326]
GetHandleVerifier [0x010A6765+3780581]
GetHandleVerifier [0x010ADF9C+3811356]
GetHandleVerifier [0x010A6721+3780513]
GetHandleVerifier [0x010A74B2+3783986]
GetHandleVerifier [0x010A6A47+3781319]
GetHandleVerifier [0x010A6E36+3782326]
GetHandleVerifier [0x010A6765+3780581]
GetHandleVerifier [0x010AC392+3804178]
GetHandleVerifier [0x010A6721+3780513]
GetHandleVerifier [0x010A74B2+3783986]
GetHandleVerifier [0x010A6A47+3781319]
GetHandleVerifier [0x010A6E36+3782326]
GetHandleVerifier [0x010A6765+3780581]
GetHandleVerifier [0x010AB655+3800789]
GetHandleVerifier [0x010A6721+3780513]
GetHandleVerifier [0x010A74B2+3783986]
GetHandleVerifier [0x010A6A47+3781319]
GetHandleVerifier [0x010A6E36+3782326]
GetHandleVerifier [0x010A6765+3780581]
GetHandleVerifier [0x010A2F46+3766214]
GetHandleVerifier [0x010A6721+3780513]
GetHandleVerifier [0x010A6543+3780035]
GetHandleVerifier [0x010A6337+3779511]
GetHandleVerifier [0x010B4540+3837376]
GetHandleVerifier [0x010EF4BC+4078908]
GetHandleVerifier [0x010EE56C+4074988]
GetHandleVerifier [0x010EB2EB+4062059]
GetHandleVerifier [0x010CED14+3945876]
GetHandleVerifier [0x010CFBCE+3949646]
GetHandleVerifier [0x010CFB59+3949529]
Ordinal0 [0x00CCB5CC+46540]
Ordinal0 [0x00CC9F53+40787]
Ordinal0 [0x00CC9B12+39698]
GetHandleVerifier [0x00FD1468+2907368]
GetHandleVerifier [0x00E171EE+1096302]
GetHandleVerifier [0x00DD3E8D+821005]
GetHandleVerifier [0x00DD396B+819691]
GetHandleVerifier [0x00DD3881+819457]
GetHandleVerifier [0x00DFF463+998627]
BaseThreadInitThunk [0x7528FA29+25]
RtlGetAppContainerNamedObjectPath [0x772C7C7E+286]
RtlGetAppContainerNamedObjectPath [0x772C7C4E+238]

at sun.reflect.NativeConstructorAccessorImpl.newInstance0(Native Method)
at sun.reflect.NativeConstructorAccessorImpl.newInstance(NativeConstructorAccessorImpl.java:62)
at sun.reflect.DelegatingConstructorAccessorImpl.newInstance(DelegatingConstructorAccessorImpl.java:45)
at java.lang.reflect.Constructor.newInstance(Constructor.java:423)
at org.openqa.selenium.remote.W3CHandshakeResponse.lambda$new$0(W3CHandshakeResponse.java:57)
at org.openqa.selenium.remote.W3CHandshakeResponse.lambda$getResponseFunction$2(W3CHandshakeResponse.java:104)
at org.openqa.selenium.remote.ProtocolHandshake.lambda$createSession$0(ProtocolHandshake.java:123)
at java.util.stream.ReferencePipeline$3$1.accept(ReferencePipeline.java:193)
at java.util.Spliterators$ArraySpliterator.tryAdvance(Spliterators.java:958)
at java.util.stream.ReferencePipeline.forEachWithCancel(ReferencePipeline.java:126)
at java.util.stream.AbstractPipeline.copyIntoWithCancel(AbstractPipeline.java:499)
at java.util.stream.AbstractPipeline.copyInto(AbstractPipeline.java:486)
at java.util.stream.AbstractPipeline.wrapAndCopyInto(AbstractPipeline.java:472)
at java.util.stream.FindOps$FindOp.evaluateSequential(FindOps.java:152)
at java.util.stream.AbstractPipeline.evaluate(AbstractPipeline.java:234)
at java.util.stream.ReferencePipeline.findFirst(ReferencePipeline.java:464)
at org.openqa.selenium.remote.ProtocolHandshake.createSession(ProtocolHandshake.java:126)
at org.openqa.selenium.remote.ProtocolHandshake.createSession(ProtocolHandshake.java:73)
at org.openqa.selenium.remote.HttpCommandExecutor.execute(HttpCommandExecutor.java:136)
at org.openqa.selenium.remote.service.DriverCommandExecutor.execute(DriverCommandExecutor.java:83)
at org.openqa.selenium.remote.RemoteWebDriver.execute(RemoteWebDriver.java:545)
at org.openqa.selenium.remote.RemoteWebDriver.startSession(RemoteWebDriver.java:209)
at org.openqa.selenium.remote.RemoteWebDriver.<init>(RemoteWebDriver.java:132)
at org.openqa.selenium.chrome.ChromeDriver.<init>(ChromeDriver.java:181)
at org.openqa.selenium.chrome.ChromeDriver.<init>(ChromeDriver.java:168)
at org.openqa.selenium.chrome.ChromeDriver.<init>(ChromeDriver.java:123)
at Automation.Test3.SetUpTest(Test3.java:26)
at sun.reflect.NativeMethodAccessorImpl.invoke0(Native Method)
at sun.reflect.NativeMethodAccessorImpl.invoke(NativeMethodAccessorImpl.java:62)
at sun.reflect.DelegatingMethodAccessorImpl.invoke(DelegatingMethodAccessorImpl.java:43)
at java.lang.reflect.Method.invoke(Method.java:498)
at org.testng.internal.MethodInvocationHelper.invokeMethod(MethodInvocationHelper.java:133)
at org.testng.internal.MethodInvocationHelper.invokeMethodConsideringTimeout(MethodInvocationHelper.java:62)
at org.testng.internal.ConfigInvoker.invokeConfigurationMethod(ConfigInvoker.java:385)
at org.testng.internal.ConfigInvoker.invokeConfigurations(ConfigInvoker.java:321)
at org.testng.TestRunner.invokeTestConfigurations(TestRunner.java:637)
at org.testng.TestRunner.beforeRun(TestRunner.java:627)
at org.testng.TestRunner.run(TestRunner.java:589)
at org.testng.SuiteRunner.runTest(SuiteRunner.java:377)
at org.testng.SuiteRunner.runSequentially(SuiteRunner.java:371)
at org.testng.SuiteRunner.privateRun(SuiteRunner.java:332)
at org.testng.SuiteRunner.run(SuiteRunner.java:276)
at org.testng.SuiteRunnerWorker.runSuite(SuiteRunnerWorker.java:53)
at org.testng.SuiteRunnerWorker.run(SuiteRunnerWorker.java:96)
at org.testng.TestNG.runSuitesSequentially(TestNG.java:1212)
at org.testng.TestNG.runSuitesLocally(TestNG.java:1134)
at org.testng.TestNG.runSuites(TestNG.java:1063)
at org.testng.TestNG.run(TestNG.java:1031)
at org.apache.maven.surefire.testng.TestNGExecutor.run(TestNGExecutor.java:284)
at org.apache.maven.surefire.testng.TestNGXmlTestSuite.execute(TestNGXmlTestSuite.java:75)
at org.apache.maven.surefire.testng.TestNGProvider.invoke(TestNGProvider.java:119)
at org.apache.maven.surefire.booter.ForkedBooter.runSuitesInProcess(ForkedBooter.java:428)
at org.apache.maven.surefire.booter.ForkedBooter.execute(ForkedBooter.java:162)
at org.apache.maven.surefire.booter.ForkedBooter.run(ForkedBooter.java:562)
at org.apache.maven.surefire.booter.ForkedBooter.main(ForkedBooter.java:548)
]]>
    </error>
  </testcase> <!-- SetUpTest -->
  <system-out/>
</testsuite> <!-- Automation.Test3 -->
