<?xml version="1.0" encoding="UTF-8"?>
<!-- Generated by org.testng.reporters.JUnitReportReporter -->
<testsuite skipped="1" hostname="LAPTOP-L15414KC" name="Automation.Test1" tests="1" failures="0" timestamp="2021-03-18T14:56:08 CDT" time="0.000" errors="0">
  <testcase name="Test" time="0.000" classname="Automation.Test1">
    <skipped/>
  </testcase> <!-- Test -->
  <system-out/>
</testsuite> <!-- Automation.Test1 -->
